<?xml version="1.0" encoding="UTF-8"?>
<testng-results ignored="0" total="1" passed="1" failed="0" skipped="0">
  <reporter-output>
  </reporter-output>
  <suite started-at="2022-03-13T23:17:22 EET" name="Carina Demo Tests - Hello World" finished-at="2022-03-13T23:17:22 EET" duration-ms="130">
    <groups>
    </groups>
    <test started-at="2022-03-13T23:17:22 EET" name="Hello World test" finished-at="2022-03-13T23:17:22 EET" duration-ms="130">
      <class name="com.qaprosoft.carina.demo.HelloWorld">
        <test-method signature="helloWorld()[pri:0, instance:com.qaprosoft.carina.demo.HelloWorld@1f7949dc]" started-at="2022-03-13T23:17:22 EET" name="helloWorld" finished-at="2022-03-13T23:17:22 EET" duration-ms="33" status="PASS">
          <reporter-output>
          </reporter-output>
        </test-method> <!-- helloWorld -->
      </class> <!-- com.qaprosoft.carina.demo.HelloWorld -->
    </test> <!-- Hello World test -->
  </suite> <!-- Carina Demo Tests - Hello World -->
</testng-results>
